0 info it worked if it ends with ok
1 verbose cli [ '/Applications/Atom.app/Contents/Resources/app/apm/bin/node',
1 verbose cli   '/Applications/Atom.app/Contents/Resources/app/apm/node_modules/npm/bin/npm-cli.js',
1 verbose cli   'version',
1 verbose cli   'major',
1 verbose cli   '-m',
1 verbose cli   'Prepare %s release' ]
2 info using npm@2.5.1
3 info using node@v0.10.35
4 info git [ 'status', '--porcelain' ]
5 verbose stack Error: Git working directory not clean.
5 verbose stack M index.less
5 verbose stack D stylesheets/atom.less
5 verbose stack D stylesheets/buttons.less
5 verbose stack D stylesheets/dropdowns.less
5 verbose stack D stylesheets/editor.less
5 verbose stack D stylesheets/git.less
5 verbose stack D stylesheets/lists.less
5 verbose stack D stylesheets/messages.less
5 verbose stack D stylesheets/nav.less
5 verbose stack D stylesheets/overlays.less
5 verbose stack D stylesheets/panels.less
5 verbose stack D stylesheets/panes.less
5 verbose stack D stylesheets/progress.less
5 verbose stack D stylesheets/sites.less
5 verbose stack D stylesheets/tabs.less
5 verbose stack D stylesheets/text.less
5 verbose stack D stylesheets/tooltips.less
5 verbose stack D stylesheets/tree-view.less
5 verbose stack D stylesheets/ui-mixins.less
5 verbose stack D stylesheets/ui-variables.less
5 verbose stack D stylesheets/utilities.less
5 verbose stack D stylesheets/views.less
5 verbose stack     at /Applications/Atom.app/Contents/Resources/app/apm/node_modules/npm/lib/version.js:138:37
5 verbose stack     at ChildProcess.exithandler (child_process.js:656:7)
5 verbose stack     at ChildProcess.emit (events.js:98:17)
5 verbose stack     at maybeClose (child_process.js:766:16)
5 verbose stack     at Socket.<anonymous> (child_process.js:979:11)
5 verbose stack     at Socket.emit (events.js:95:17)
5 verbose stack     at Pipe.close (net.js:466:12)
6 verbose cwd /Users/kenwheeler/Projects/brogrammer-ui
7 error Darwin 14.1.0
8 error argv "/Applications/Atom.app/Contents/Resources/app/apm/bin/node" "/Applications/Atom.app/Contents/Resources/app/apm/node_modules/npm/bin/npm-cli.js" "version" "major" "-m" "Prepare %s release"
9 error node v0.10.35
10 error npm  v2.5.1
11 error Git working directory not clean.
11 error M index.less
11 error D stylesheets/atom.less
11 error D stylesheets/buttons.less
11 error D stylesheets/dropdowns.less
11 error D stylesheets/editor.less
11 error D stylesheets/git.less
11 error D stylesheets/lists.less
11 error D stylesheets/messages.less
11 error D stylesheets/nav.less
11 error D stylesheets/overlays.less
11 error D stylesheets/panels.less
11 error D stylesheets/panes.less
11 error D stylesheets/progress.less
11 error D stylesheets/sites.less
11 error D stylesheets/tabs.less
11 error D stylesheets/text.less
11 error D stylesheets/tooltips.less
11 error D stylesheets/tree-view.less
11 error D stylesheets/ui-mixins.less
11 error D stylesheets/ui-variables.less
11 error D stylesheets/utilities.less
11 error D stylesheets/views.less
12 error If you need help, you may report this error at:
12 error     <http://github.com/npm/npm/issues>
13 verbose exit [ 1, true ]
